PRT1
15
22
4 0 2 (2144 0 2336 ) (2048 0 2336 ) (2048 0 -1120 ) (2144 0 -1120 ) 
4 0 1 (2048 0 -1120 ) (2048 0 2336 ) (2048 864 2336 ) (2048 864 -1120 ) 
4 1 6 (1024 0 -1120 ) (1024 0 2336 ) (1024 864 2336 ) (1024 864 -1120 ) 
4 1 3 (2048 0 -1120 ) (2048 0 2336 ) (1024 0 2336 ) (1024 0 -1120 ) 
4 2 4 (2144 -1024 2336 ) (2048 -1024 2336 ) (2048 -1024 -1120 ) (2144 -1024 -1120 ) 
4 2 3 (2048 0 2336 ) (2048 0 -1120 ) (2048 -1024 -1120 ) (2048 -1024 2336 ) 
4 3 9 (1024 -1024 -1120 ) (1024 -1024 2336 ) (1024 0 2336 ) (1024 0 -1120 ) 
4 3 5 (1024 -1024 2336 ) (1024 -1024 -1120 ) (2048 -1024 -1120 ) (2048 -1024 2336 ) 
4 4 5 (2048 -1024 2336 ) (2048 -1024 -1120 ) (2048 -1184 -1120 ) (2048 -1184 2336 ) 
4 5 11 (1024 -1184 2336 ) (1024 -1024 2336 ) (1024 -1024 -1120 ) (1024 -1184 -1120 ) 
4 6 9 (1024 0 -1120 ) (1024 0 2336 ) (0 0 2336 ) (0 0 -1120 ) 
4 6 7 (0 0 -1120 ) (0 0 2336 ) (0 864 2336 ) (0 864 -1120 ) 
4 7 10 (0 0 -1120 ) (0 0 2336 ) (-1024 0 2336 ) (-1024 0 -1120 ) 
4 7 8 (-1024 0 -1120 ) (-1024 0 2336 ) (-1024 864 2336 ) (-1024 864 -1120 ) 
4 8 13 (-1024 0 -1120 ) (-1024 0 2336 ) (-1568 0 2336 ) (-1568 0 -1120 ) 
4 9 11 (1024 -1024 -1120 ) (1024 -1024 2336 ) (0 -1024 2336 ) (0 -1024 -1120 ) 
4 9 10 (0 0 2336 ) (0 0 -1120 ) (0 -1024 -1120 ) (0 -1024 2336 ) 
4 10 13 (-1024 0 2336 ) (-1024 0 -1120 ) (-1024 -1024 -1120 ) (-1024 -1024 2336 ) 
4 10 12 (0 -1024 -1120 ) (0 -1024 2336 ) (-1024 -1024 2336 ) (-1024 -1024 -1120 ) 
4 11 12 (0 -1184 2336 ) (0 -1024 2336 ) (0 -1024 -1120 ) (0 -1184 -1120 ) 
4 12 14 (-1024 -1184 2336 ) (-1024 -1024 2336 ) (-1024 -1024 -1120 ) (-1024 -1184 -1120 ) 
4 13 14 (-1024 -1024 -1120 ) (-1024 -1024 2336 ) (-1568 -1024 2336 ) (-1568 -1024 -1120 ) 
