PRT1
28
68
4 0 14 (2048 0 16 ) (2048 0 80 ) (2048 576 80 ) (2048 576 16 ) 
4 0 13 (2048 576 80 ) (2048 1016 80 ) (2048 1016 16 ) (2048 576 16 ) 
4 0 12 (2048 0 80 ) (2048 0 116 ) (2048 1016 116 ) (2048 1016 80 ) 
4 0 6 (2048 0 116 ) (2048 0 240 ) (2048 576 240 ) (2048 576 116 ) 
4 0 5 (2048 576 240 ) (2048 1016 240 ) (2048 1016 116 ) (2048 576 116 ) 
4 0 2 (2208 0 240 ) (2048 0 240 ) (2048 0 16 ) (2208 0 16 ) 
4 0 1 (2364 0 240 ) (2208 0 240 ) (2208 0 16 ) (2364 0 16 ) 
4 1 4 (2208 -224 16 ) (2208 -800 16 ) (2208 -800 240 ) (2208 -224 240 ) 
4 1 3 (2208 -224 80 ) (2208 -224 116 ) (2208 -96 116 ) (2208 -96 80 ) 
4 1 2 (2208 0 16 ) (2208 -96 16 ) (2208 -96 240 ) (2208 0 240 ) 
4 2 21 (2048 -96 240 ) (2048 0 240 ) (2048 0 16 ) (2048 -96 16 ) 
4 2 3 (2208 -96 80 ) (2208 -96 116 ) (2048 -96 116 ) (2048 -96 80 ) 
4 3 22 (2048 -96 116 ) (2048 -96 80 ) (2048 -224 80 ) (2048 -224 116 ) 
4 3 4 (2208 -224 80 ) (2208 -224 116 ) (2048 -224 116 ) (2048 -224 80 ) 
4 4 26 (2048 -800 240 ) (2048 -224 240 ) (2048 -224 16 ) (2048 -800 16 ) 
4 5 20 (1024 576 240 ) (1024 1016 240 ) (1024 1016 116 ) (1024 576 116 ) 
4 5 12 (1024 576 116 ) (1024 1016 116 ) (2048 1016 116 ) (2048 576 116 ) 
4 5 11 (1024 576 116 ) (1224 576 116 ) (1224 576 240 ) (1024 576 240 ) 
4 5 7 (1696 576 116 ) (1760 576 116 ) (1760 576 240 ) (1696 576 240 ) 
4 5 6 (1792 576 116 ) (2048 576 116 ) (2048 576 240 ) (1792 576 240 ) 
4 6 21 (2048 0 116 ) (2048 0 240 ) (1792 0 240 ) (1792 0 116 ) 
4 6 12 (1792 576 116 ) (2048 576 116 ) (2048 0 116 ) (1792 0 116 ) 
4 6 9 (1792 112 116 ) (1792 48 116 ) (1792 48 240 ) (1792 112 240 ) 
4 7 12 (1696 576 116 ) (1760 576 116 ) (1760 224 116 ) (1696 224 116 ) 
4 7 8 (1696 224 116 ) (1760 224 116 ) (1760 224 240 ) (1696 224 240 ) 
4 8 12 (1760 144 116 ) (1296 144 116 ) (1296 224 116 ) (1760 224 116 ) 
4 8 10 (1296 144 240 ) (1296 144 116 ) (1360 144 116 ) (1360 144 240 ) 
4 9 12 (1792 112 116 ) (1792 48 116 ) (1360 48 116 ) (1360 112 116 ) 
4 9 10 (1360 112 116 ) (1360 48 116 ) (1360 48 240 ) (1360 112 240 ) 
4 10 12 (1360 48 116 ) (1296 48 116 ) (1296 144 116 ) (1360 144 116 ) 
4 11 25 (1224 0 240 ) (1024 0 240 ) (1024 0 116 ) (1224 0 116 ) 
4 11 20 (1024 0 116 ) (1024 0 240 ) (1024 576 240 ) (1024 576 116 ) 
4 11 12 (1024 0 116 ) (1024 576 116 ) (1224 576 116 ) (1224 0 116 ) 
4 12 24 (1296 0 116 ) (1224 0 116 ) (1224 0 80 ) (1296 0 80 ) 
4 12 25 (1224 0 116 ) (1024 0 116 ) (1024 0 80 ) (1224 0 80 ) 
4 12 23 (1792 0 116 ) (1296 0 116 ) (1296 0 80 ) (1792 0 80 ) 
4 12 21 (2048 0 80 ) (2048 0 116 ) (1792 0 116 ) (1792 0 80 ) 
4 12 20 (1024 0 80 ) (1024 0 116 ) (1024 1016 116 ) (1024 1016 80 ) 
4 12 19 (1224 0 80 ) (1024 0 80 ) (1024 576 80 ) (1224 576 80 ) 
4 12 18 (1296 48 80 ) (1296 112 80 ) (1792 112 80 ) (1792 48 80 ) 
4 12 17 (1296 112 80 ) (1296 144 80 ) (1360 144 80 ) (1360 112 80 ) 
4 12 16 (1296 144 80 ) (1296 224 80 ) (1760 224 80 ) (1760 144 80 ) 
4 12 15 (1696 576 80 ) (1760 576 80 ) (1760 224 80 ) (1696 224 80 ) 
4 12 14 (2048 0 80 ) (1792 0 80 ) (1792 576 80 ) (2048 576 80 ) 
4 12 13 (1024 576 80 ) (1024 1016 80 ) (2048 1016 80 ) (2048 576 80 ) 
4 13 20 (1024 576 80 ) (1024 1016 80 ) (1024 1016 16 ) (1024 576 16 ) 
4 13 19 (1024 576 16 ) (1224 576 16 ) (1224 576 80 ) (1024 576 80 ) 
4 13 15 (1696 576 16 ) (1760 576 16 ) (1760 576 80 ) (1696 576 80 ) 
4 13 14 (1792 576 16 ) (2048 576 16 ) (2048 576 80 ) (1792 576 80 ) 
4 14 21 (2048 0 16 ) (2048 0 80 ) (1792 0 80 ) (1792 0 16 ) 
4 14 18 (1792 112 16 ) (1792 48 16 ) (1792 48 80 ) (1792 112 80 ) 
4 15 16 (1696 224 16 ) (1760 224 16 ) (1760 224 80 ) (1696 224 80 ) 
4 16 17 (1296 144 80 ) (1296 144 16 ) (1360 144 16 ) (1360 144 80 ) 
4 17 18 (1296 112 80 ) (1296 112 16 ) (1360 112 16 ) (1360 112 80 ) 
4 19 25 (1224 0 80 ) (1024 0 80 ) (1024 0 16 ) (1224 0 16 ) 
4 19 20 (1024 0 16 ) (1024 0 80 ) (1024 576 80 ) (1024 576 16 ) 
4 20 27 (1024 0 16 ) (1024 0 240 ) (548 0 240 ) (548 0 16 ) 
4 21 23 (1792 -96 80 ) (1792 -96 116 ) (1792 0 116 ) (1792 0 80 ) 
4 21 22 (1792 -96 116 ) (1792 -96 80 ) (2048 -96 80 ) (2048 -96 116 ) 
4 22 26 (2048 -224 80 ) (2048 -224 116 ) (1792 -224 116 ) (1792 -224 80 ) 
4 22 23 (1792 -224 80 ) (1792 -224 116 ) (1792 -96 116 ) (1792 -96 80 ) 
4 23 26 (1296 -224 116 ) (1296 -224 80 ) (1792 -224 80 ) (1792 -224 116 ) 
4 23 24 (1296 -224 80 ) (1296 -224 116 ) (1296 0 116 ) (1296 0 80 ) 
4 24 26 (1224 -224 116 ) (1224 -224 80 ) (1296 -224 80 ) (1296 -224 116 ) 
4 24 25 (1224 -224 80 ) (1224 -224 116 ) (1224 0 116 ) (1224 0 80 ) 
4 25 27 (1024 0 240 ) (1024 0 16 ) (1024 -224 16 ) (1024 -224 240 ) 
4 25 26 (1224 -224 240 ) (1024 -224 240 ) (1024 -224 16 ) (1224 -224 16 ) 
4 26 27 (1024 -800 240 ) (1024 -224 240 ) (1024 -224 16 ) (1024 -800 16 ) 
